[25-Nov-2021 08:49:31 Europe/Berlin] PHP Warning:  Undefined variable $value in C:\xampp\htdocs\Karyaku\kontroler.php on line 206
[25-Nov-2021 08:49:31 Europe/Berlin] PHP Warning:  Trying to access array offset on value of type null in C:\xampp\htdocs\Karyaku\kontroler.php on line 206
[01-Dec-2021 15:53:04 Europe/Berlin] PHP Fatal error:  Uncaught ArgumentCountError: The number of elements in the type definition string must match the number of bind variables in C:\xampp\htdocs\Karyaku\kontroler.php:617
Stack trace:
#0 C:\xampp\htdocs\Karyaku\kontroler.php(617): mysqli_stmt->bind_param('i', 1, 'menunggu konfir...')
#1 {main}
  thrown in C:\xampp\htdocs\Karyaku\kontroler.php on line 617
[02-Dec-2021 12:02:38 Europe/Berlin] PHP Warning:  Undefined array key "thn" in C:\xampp\htdocs\Karyaku\kontroler.php on line 36
[02-Dec-2021 12:02:38 Europe/Berlin] PHP Warning:  Undefined array key "thn" in C:\xampp\htdocs\Karyaku\kontroler.php on line 36
[02-Dec-2021 12:02:38 Europe/Berlin] PHP Warning:  Undefined array key "thn" in C:\xampp\htdocs\Karyaku\kontroler.php on line 36
[02-Dec-2021 12:02:38 Europe/Berlin] PHP Warning:  Undefined array key "thn" in C:\xampp\htdocs\Karyaku\kontroler.php on line 36
[02-Dec-2021 12:02:38 Europe/Berlin] PHP Warning:  Undefined array key "thn" in C:\xampp\htdocs\Karyaku\kontroler.php on line 36
[02-Dec-2021 12:02:38 Europe/Berlin] PHP Warning:  Undefined array key "thn" in C:\xampp\htdocs\Karyaku\kontroler.php on line 36
[02-Dec-2021 12:02:38 Europe/Berlin] PHP Warning:  Undefined array key "thn" in C:\xampp\htdocs\Karyaku\kontroler.php on line 36
[02-Dec-2021 12:02:38 Europe/Berlin] PHP Warning:  Undefined array key "thn" in C:\xampp\htdocs\Karyaku\kontroler.php on line 36
[02-Dec-2021 12:02:38 Europe/Berlin] PHP Warning:  Undefined array key "thn" in C:\xampp\htdocs\Karyaku\kontroler.php on line 36
[02-Dec-2021 12:02:38 Europe/Berlin] PHP Warning:  Undefined array key "thn" in C:\xampp\htdocs\Karyaku\kontroler.php on line 36
[02-Dec-2021 12:02:38 Europe/Berlin] PHP Warning:  Undefined array key "thn" in C:\xampp\htdocs\Karyaku\kontroler.php on line 36
[02-Dec-2021 12:02:38 Europe/Berlin] PHP Warning:  Undefined array key "thn" in C:\xampp\htdocs\Karyaku\kontroler.php on line 36
[09-Dec-2021 06:44:44 UTC] PHP Notice:  Undefined index: image in /home/karyakum/public_html/kontroler.php on line 239
[11-Dec-2021 15:47:17 UTC] PHP Fatal error:  Uncaught Error: Call to a member function bind_param() on boolean in /home/karyakum/public_html/kontroler.php:702
Stack trace:
#0 {main}
  thrown in /home/karyakum/public_html/kontroler.php on line 702
[11-Dec-2021 15:47:54 UTC] PHP Fatal error:  Uncaught Error: Call to a member function bind_param() on boolean in /home/karyakum/public_html/kontroler.php:702
Stack trace:
#0 {main}
  thrown in /home/karyakum/public_html/kontroler.php on line 702
